

============================== 2023-04-20 05:09:48.335274 | 0d3da49e-fcb7-461d-9449-ac286e09134a ==============================
[0m05:09:48.335274 [info ] [MainThread]: Running with dbt=1.4.5
[0m05:09:48.341212 [debug] [MainThread]: running dbt with arguments {'write_json': True, 'use_colors': True, 'printer_width': 80, 'version_check': True, 'partial_parse': True, 'static_parser': True, 'profiles_dir': 'C:\\Users\\vaibhav_patil8\\.dbt', 'send_anonymous_usage_stats': True, 'quiet': False, 'no_print': False, 'cache_selected_only': False, 'skip_profile_setup': False, 'which': 'init', 'indirect_selection': 'eager'}
[0m05:09:48.341212 [debug] [MainThread]: Tracking: tracking
[0m05:09:48.415416 [debug] [MainThread]: Sending event: {'category': 'dbt', 'action': 'invocation', 'label': 'start', 'context': [<snowplow_tracker.self_describing_json.SelfDescribingJson object at 0x000001E522645990>, <snowplow_tracker.self_describing_json.SelfDescribingJson object at 0x000001E522635050>, <snowplow_tracker.self_describing_json.SelfDescribingJson object at 0x000001E522998C10>]}
[0m05:10:04.423288 [debug] [MainThread]: Starter project path: C:\Users\vaibhav_patil8\AppData\Local\Programs\Python\Python311\Lib\site-packages\dbt\include\starter_project
[0m05:10:38.842781 [debug] [MainThread]: Sending event: {'category': 'dbt', 'action': 'invocation', 'label': 'end', 'context': [<snowplow_tracker.self_describing_json.SelfDescribingJson object at 0x000001E522658550>, <snowplow_tracker.self_describing_json.SelfDescribingJson object at 0x000001E522659590>, <snowplow_tracker.self_describing_json.SelfDescribingJson object at 0x000001E522659650>]}
[0m05:10:38.846651 [debug] [MainThread]: Flushing usage events
[0m05:10:39.944345 [debug] [MainThread]: Error sending anonymous usage statistics. Disabling tracking for this execution. If you wish to permanently disable tracking, see: https://docs.getdbt.com/reference/global-configs#send-anonymous-usage-stats.
[0m05:10:39.945866 [error] [MainThread]: Encountered an error:

[0m05:10:39.949836 [error] [MainThread]: Traceback (most recent call last):
  File "C:\Users\vaibhav_patil8\AppData\Local\Programs\Python\Python311\Lib\site-packages\dbt\main.py", line 136, in main
    results, succeeded = handle_and_check(args)
                         ^^^^^^^^^^^^^^^^^^^^^^
  File "C:\Users\vaibhav_patil8\AppData\Local\Programs\Python\Python311\Lib\site-packages\dbt\main.py", line 206, in handle_and_check
    task, res = run_from_args(parsed)
                ^^^^^^^^^^^^^^^^^^^^^
  File "C:\Users\vaibhav_patil8\AppData\Local\Programs\Python\Python311\Lib\site-packages\dbt\main.py", line 253, in run_from_args
    results = task.run()
              ^^^^^^^^^^
  File "C:\Users\vaibhav_patil8\AppData\Local\Programs\Python\Python311\Lib\site-packages\dbt\task\init.py", line 304, in run
    adapter = self.ask_for_adapter_choice()
              ^^^^^^^^^^^^^^^^^^^^^^^^^^^^^
  File "C:\Users\vaibhav_patil8\AppData\Local\Programs\Python\Python311\Lib\site-packages\dbt\task\init.py", line 230, in ask_for_adapter_choice
    numeric_choice = click.prompt(prompt_msg, type=click.INT)
                     ^^^^^^^^^^^^^^^^^^^^^^^^^^^^^^^^^^^^^^^^
  File "C:\Users\vaibhav_patil8\AppData\Local\Programs\Python\Python311\Lib\site-packages\click\termui.py", line 166, in prompt
    value = prompt_func(prompt)
            ^^^^^^^^^^^^^^^^^^^
  File "C:\Users\vaibhav_patil8\AppData\Local\Programs\Python\Python311\Lib\site-packages\click\termui.py", line 149, in prompt_func
    raise Abort() from None
click.exceptions.Abort



============================== 2023-04-20 09:15:44.163705 | f9546f8f-72a6-41de-a32e-25d228bdc95c ==============================
09:15:44.163705 [info ] [MainThread]: Running with dbt=1.1.5
09:15:44.163705 [debug] [MainThread]: running dbt with arguments {'write_json': True, 'use_colors': True, 'printer_width': 80, 'version_check': True, 'partial_parse': True, 'static_parser': True, 'profiles_dir': 'C:\\Users\\vaibhav_patil8\\.dbt', 'send_anonymous_usage_stats': True, 'event_buffer_size': 100000, 'quiet': False, 'no_print': False, 'cache_selected_only': False, 'config_dir': False, 'which': 'debug', 'indirect_selection': 'eager'}
09:15:44.163705 [debug] [MainThread]: Tracking: tracking
09:15:44.194948 [debug] [MainThread]: Sending event: {'category': 'dbt', 'action': 'invocation', 'label': 'start', 'context': [<snowplow_tracker.self_describing_json.SelfDescribingJson object at 0x000002BF26D36DF0>, <snowplow_tracker.self_describing_json.SelfDescribingJson object at 0x000002BF26D36F70>, <snowplow_tracker.self_describing_json.SelfDescribingJson object at 0x000002BF26D419A0>]}
09:15:44.524294 [debug] [MainThread]: Executing "git --help"
09:15:44.899622 [debug] [MainThread]: STDOUT: "b"usage: git [--version] [--help] [-C <path>] [-c <name>=<value>]\n           [--exec-path[=<path>]] [--html-path] [--man-path] [--info-path]\n           [-p | --paginate | -P | --no-pager] [--no-replace-objects] [--bare]\n           [--git-dir=<path>] [--work-tree=<path>] [--namespace=<name>]\n           [--super-prefix=<path>] [--config-env=<name>=<envvar>]\n           <command> [<args>]\n\nThese are common Git commands used in various situations:\n\nstart a working area (see also: git help tutorial)\n   clone             Clone a repository into a new directory\n   init              Create an empty Git repository or reinitialize an existing one\n\nwork on the current change (see also: git help everyday)\n   add               Add file contents to the index\n   mv                Move or rename a file, a directory, or a symlink\n   restore           Restore working tree files\n   rm                Remove files from the working tree and from the index\n   sparse-checkout   Initialize and modify the sparse-checkout\n\nexamine the history and state (see also: git help revisions)\n   bisect            Use binary search to find the commit that introduced a bug\n   diff              Show changes between commits, commit and working tree, etc\n   grep              Print lines matching a pattern\n   log               Show commit logs\n   show              Show various types of objects\n   status            Show the working tree status\n\ngrow, mark and tweak your common history\n   branch            List, create, or delete branches\n   commit            Record changes to the repository\n   merge             Join two or more development histories together\n   rebase            Reapply commits on top of another base tip\n   reset             Reset current HEAD to the specified state\n   switch            Switch branches\n   tag               Create, list, delete or verify a tag object signed with GPG\n\ncollaborate (see also: git help workflows)\n   fetch             Download objects and refs from another repository\n   pull              Fetch from and integrate with another repository or a local branch\n   push              Update remote refs along with associated objects\n\n'git help -a' and 'git help -g' list available subcommands and some\nconcept guides. See 'git help <command>' or 'git help <concept>'\nto read about a specific subcommand or concept.\nSee 'git help git' for an overview of the system.\n""
09:15:44.899622 [debug] [MainThread]: STDERR: "b''"
09:15:44.915164 [debug] [MainThread]: Acquiring new mysql connection "debug"
09:15:44.915164 [debug] [MainThread]: Using mysql connection "debug"
09:15:44.915164 [debug] [MainThread]: On debug: select 1 as id
09:15:44.915164 [debug] [MainThread]: Opening a new connection, currently in state init
09:15:44.930885 [debug] [MainThread]: SQL status: SUCCESS 1 in 0.02 seconds
09:15:44.930885 [debug] [MainThread]: On debug: Close
09:15:44.930885 [debug] [MainThread]: Sending event: {'category': 'dbt', 'action': 'invocation', 'label': 'end', 'context': [<snowplow_tracker.self_describing_json.SelfDescribingJson object at 0x000002BF276537F0>, <snowplow_tracker.self_describing_json.SelfDescribingJson object at 0x000002BF27653B80>, <snowplow_tracker.self_describing_json.SelfDescribingJson object at 0x000002BF27653B20>]}
09:15:45.916988 [warn ] [MainThread]: Error sending message, disabling tracking
09:15:45.916988 [debug] [MainThread]: Connection 'debug' was properly closed.


============================== 2023-04-20 09:16:41.986099 | d887a66b-9313-403c-974d-57e275bf9990 ==============================
09:16:41.986099 [info ] [MainThread]: Running with dbt=1.1.5
09:16:41.986099 [debug] [MainThread]: running dbt with arguments {'write_json': True, 'use_colors': True, 'printer_width': 80, 'version_check': True, 'partial_parse': True, 'static_parser': True, 'profiles_dir': 'C:\\Users\\vaibhav_patil8\\.dbt', 'send_anonymous_usage_stats': True, 'event_buffer_size': 100000, 'quiet': False, 'no_print': False, 'cache_selected_only': False, 'config_dir': False, 'which': 'debug', 'indirect_selection': 'eager'}
09:16:41.986099 [debug] [MainThread]: Tracking: tracking
09:16:42.064147 [debug] [MainThread]: Sending event: {'category': 'dbt', 'action': 'invocation', 'label': 'start', 'context': [<snowplow_tracker.self_describing_json.SelfDescribingJson object at 0x0000016F9ADC6DF0>, <snowplow_tracker.self_describing_json.SelfDescribingJson object at 0x0000016F9ADC6F70>, <snowplow_tracker.self_describing_json.SelfDescribingJson object at 0x0000016F9ADD19A0>]}
09:16:42.393547 [debug] [MainThread]: Executing "git --help"
09:16:42.737879 [debug] [MainThread]: STDOUT: "b"usage: git [--version] [--help] [-C <path>] [-c <name>=<value>]\n           [--exec-path[=<path>]] [--html-path] [--man-path] [--info-path]\n           [-p | --paginate | -P | --no-pager] [--no-replace-objects] [--bare]\n           [--git-dir=<path>] [--work-tree=<path>] [--namespace=<name>]\n           [--super-prefix=<path>] [--config-env=<name>=<envvar>]\n           <command> [<args>]\n\nThese are common Git commands used in various situations:\n\nstart a working area (see also: git help tutorial)\n   clone             Clone a repository into a new directory\n   init              Create an empty Git repository or reinitialize an existing one\n\nwork on the current change (see also: git help everyday)\n   add               Add file contents to the index\n   mv                Move or rename a file, a directory, or a symlink\n   restore           Restore working tree files\n   rm                Remove files from the working tree and from the index\n   sparse-checkout   Initialize and modify the sparse-checkout\n\nexamine the history and state (see also: git help revisions)\n   bisect            Use binary search to find the commit that introduced a bug\n   diff              Show changes between commits, commit and working tree, etc\n   grep              Print lines matching a pattern\n   log               Show commit logs\n   show              Show various types of objects\n   status            Show the working tree status\n\ngrow, mark and tweak your common history\n   branch            List, create, or delete branches\n   commit            Record changes to the repository\n   merge             Join two or more development histories together\n   rebase            Reapply commits on top of another base tip\n   reset             Reset current HEAD to the specified state\n   switch            Switch branches\n   tag               Create, list, delete or verify a tag object signed with GPG\n\ncollaborate (see also: git help workflows)\n   fetch             Download objects and refs from another repository\n   pull              Fetch from and integrate with another repository or a local branch\n   push              Update remote refs along with associated objects\n\n'git help -a' and 'git help -g' list available subcommands and some\nconcept guides. See 'git help <command>' or 'git help <concept>'\nto read about a specific subcommand or concept.\nSee 'git help git' for an overview of the system.\n""
09:16:42.737879 [debug] [MainThread]: STDERR: "b''"
09:16:42.737879 [debug] [MainThread]: Acquiring new mysql connection "debug"
09:16:42.737879 [debug] [MainThread]: Using mysql connection "debug"
09:16:42.753507 [debug] [MainThread]: On debug: select 1 as id
09:16:42.753507 [debug] [MainThread]: Opening a new connection, currently in state init
09:16:42.769124 [debug] [MainThread]: SQL status: SUCCESS 1 in 0.02 seconds
09:16:42.769124 [debug] [MainThread]: On debug: Close
09:16:42.769124 [debug] [MainThread]: Sending event: {'category': 'dbt', 'action': 'invocation', 'label': 'end', 'context': [<snowplow_tracker.self_describing_json.SelfDescribingJson object at 0x0000016F9B6F17F0>, <snowplow_tracker.self_describing_json.SelfDescribingJson object at 0x0000016F9B6F1B80>, <snowplow_tracker.self_describing_json.SelfDescribingJson object at 0x0000016F9B6F1B20>]}
09:16:42.909799 [warn ] [MainThread]: Error sending message, disabling tracking
09:16:42.909799 [debug] [MainThread]: Connection 'debug' was properly closed.


============================== 2023-04-20 09:17:13.696653 | 01d8140e-a5d4-49da-aab3-16e71c32fc56 ==============================
09:17:13.696653 [info ] [MainThread]: Running with dbt=1.1.5
09:17:13.696653 [debug] [MainThread]: running dbt with arguments {'write_json': True, 'use_colors': True, 'printer_width': 80, 'version_check': True, 'partial_parse': True, 'static_parser': True, 'profiles_dir': 'C:\\Users\\vaibhav_patil8\\.dbt', 'send_anonymous_usage_stats': True, 'event_buffer_size': 100000, 'quiet': False, 'no_print': False, 'cache_selected_only': False, 'config_dir': False, 'which': 'debug', 'indirect_selection': 'eager'}
09:17:13.696653 [debug] [MainThread]: Tracking: tracking
09:17:13.743531 [debug] [MainThread]: Sending event: {'category': 'dbt', 'action': 'invocation', 'label': 'start', 'context': [<snowplow_tracker.self_describing_json.SelfDescribingJson object at 0x0000028D151E6D30>, <snowplow_tracker.self_describing_json.SelfDescribingJson object at 0x0000028D151E6EE0>, <snowplow_tracker.self_describing_json.SelfDescribingJson object at 0x0000028D151F38E0>]}
09:17:14.076225 [debug] [MainThread]: Executing "git --help"
09:17:14.527389 [debug] [MainThread]: STDOUT: "b"usage: git [--version] [--help] [-C <path>] [-c <name>=<value>]\n           [--exec-path[=<path>]] [--html-path] [--man-path] [--info-path]\n           [-p | --paginate | -P | --no-pager] [--no-replace-objects] [--bare]\n           [--git-dir=<path>] [--work-tree=<path>] [--namespace=<name>]\n           [--super-prefix=<path>] [--config-env=<name>=<envvar>]\n           <command> [<args>]\n\nThese are common Git commands used in various situations:\n\nstart a working area (see also: git help tutorial)\n   clone             Clone a repository into a new directory\n   init              Create an empty Git repository or reinitialize an existing one\n\nwork on the current change (see also: git help everyday)\n   add               Add file contents to the index\n   mv                Move or rename a file, a directory, or a symlink\n   restore           Restore working tree files\n   rm                Remove files from the working tree and from the index\n   sparse-checkout   Initialize and modify the sparse-checkout\n\nexamine the history and state (see also: git help revisions)\n   bisect            Use binary search to find the commit that introduced a bug\n   diff              Show changes between commits, commit and working tree, etc\n   grep              Print lines matching a pattern\n   log               Show commit logs\n   show              Show various types of objects\n   status            Show the working tree status\n\ngrow, mark and tweak your common history\n   branch            List, create, or delete branches\n   commit            Record changes to the repository\n   merge             Join two or more development histories together\n   rebase            Reapply commits on top of another base tip\n   reset             Reset current HEAD to the specified state\n   switch            Switch branches\n   tag               Create, list, delete or verify a tag object signed with GPG\n\ncollaborate (see also: git help workflows)\n   fetch             Download objects and refs from another repository\n   pull              Fetch from and integrate with another repository or a local branch\n   push              Update remote refs along with associated objects\n\n'git help -a' and 'git help -g' list available subcommands and some\nconcept guides. See 'git help <command>' or 'git help <concept>'\nto read about a specific subcommand or concept.\nSee 'git help git' for an overview of the system.\n""
09:17:14.527389 [debug] [MainThread]: STDERR: "b''"
09:17:14.527389 [debug] [MainThread]: Acquiring new mysql connection "debug"
09:17:14.527389 [debug] [MainThread]: Using mysql connection "debug"
09:17:14.527389 [debug] [MainThread]: On debug: select 1 as id
09:17:14.527389 [debug] [MainThread]: Opening a new connection, currently in state init
09:17:14.543091 [debug] [MainThread]: SQL status: SUCCESS 1 in 0.02 seconds
09:17:14.543091 [debug] [MainThread]: On debug: Close
09:17:14.558744 [debug] [MainThread]: Sending event: {'category': 'dbt', 'action': 'invocation', 'label': 'end', 'context': [<snowplow_tracker.self_describing_json.SelfDescribingJson object at 0x0000028D15B035E0>, <snowplow_tracker.self_describing_json.SelfDescribingJson object at 0x0000028D15B03B20>, <snowplow_tracker.self_describing_json.SelfDescribingJson object at 0x0000028D15B03AC0>]}
09:17:14.730604 [warn ] [MainThread]: Error sending message, disabling tracking
09:17:14.746226 [debug] [MainThread]: Connection 'debug' was properly closed.
